E:\_ESTUDOS - ANGULAR - ENTITYFRAMEWORK - C# Etc\6 - Udemy - MicroServiços com Asp.net, Net 6 e C#\microservices-NetCore6\GeekShooping\GeekShopping.Web\ClientApp\dist\out-tsc\app\app.component.js
E:\_ESTUDOS - ANGULAR - ENTITYFRAMEWORK - C# Etc\6 - Udemy - MicroServiços com Asp.net, Net 6 e C#\microservices-NetCore6\GeekShooping\GeekShopping.Web\ClientApp\dist\out-tsc\app\app.component.js.map
E:\_ESTUDOS - ANGULAR - ENTITYFRAMEWORK - C# Etc\6 - Udemy - MicroServiços com Asp.net, Net 6 e C#\microservices-NetCore6\GeekShooping\GeekShopping.Web\ClientApp\dist\out-tsc\app\nav-menu\nav-menu.component.js
E:\_ESTUDOS - ANGULAR - ENTITYFRAMEWORK - C# Etc\6 - Udemy - MicroServiços com Asp.net, Net 6 e C#\microservices-NetCore6\GeekShooping\GeekShopping.Web\ClientApp\dist\out-tsc\app\nav-menu\nav-menu.component.js.map
E:\_ESTUDOS - ANGULAR - ENTITYFRAMEWORK - C# Etc\6 - Udemy - MicroServiços com Asp.net, Net 6 e C#\microservices-NetCore6\GeekShooping\GeekShopping.Web\ClientApp\dist\out-tsc\app\home\home.component.js
E:\_ESTUDOS - ANGULAR - ENTITYFRAMEWORK - C# Etc\6 - Udemy - MicroServiços com Asp.net, Net 6 e C#\microservices-NetCore6\GeekShooping\GeekShopping.Web\ClientApp\dist\out-tsc\app\home\home.component.js.map
E:\_ESTUDOS - ANGULAR - ENTITYFRAMEWORK - C# Etc\6 - Udemy - MicroServiços com Asp.net, Net 6 e C#\microservices-NetCore6\GeekShooping\GeekShopping.Web\ClientApp\dist\out-tsc\app\counter\counter.component.js
E:\_ESTUDOS - ANGULAR - ENTITYFRAMEWORK - C# Etc\6 - Udemy - MicroServiços com Asp.net, Net 6 e C#\microservices-NetCore6\GeekShooping\GeekShopping.Web\ClientApp\dist\out-tsc\app\counter\counter.component.js.map
E:\_ESTUDOS - ANGULAR - ENTITYFRAMEWORK - C# Etc\6 - Udemy - MicroServiços com Asp.net, Net 6 e C#\microservices-NetCore6\GeekShooping\GeekShopping.Web\ClientApp\dist\out-tsc\app\fetch-data\fetch-data.component.js
E:\_ESTUDOS - ANGULAR - ENTITYFRAMEWORK - C# Etc\6 - Udemy - MicroServiços com Asp.net, Net 6 e C#\microservices-NetCore6\GeekShooping\GeekShopping.Web\ClientApp\dist\out-tsc\app\fetch-data\fetch-data.component.js.map
E:\_ESTUDOS - ANGULAR - ENTITYFRAMEWORK - C# Etc\6 - Udemy - MicroServiços com Asp.net, Net 6 e C#\microservices-NetCore6\GeekShooping\GeekShopping.Web\ClientApp\dist\out-tsc\app\app.module.js
E:\_ESTUDOS - ANGULAR - ENTITYFRAMEWORK - C# Etc\6 - Udemy - MicroServiços com Asp.net, Net 6 e C#\microservices-NetCore6\GeekShooping\GeekShopping.Web\ClientApp\dist\out-tsc\app\app.module.js.map
E:\_ESTUDOS - ANGULAR - ENTITYFRAMEWORK - C# Etc\6 - Udemy - MicroServiços com Asp.net, Net 6 e C#\microservices-NetCore6\GeekShooping\GeekShopping.Web\ClientApp\dist\out-tsc\environments\environment.js
E:\_ESTUDOS - ANGULAR - ENTITYFRAMEWORK - C# Etc\6 - Udemy - MicroServiços com Asp.net, Net 6 e C#\microservices-NetCore6\GeekShooping\GeekShopping.Web\ClientApp\dist\out-tsc\environments\environment.js.map
E:\_ESTUDOS - ANGULAR - ENTITYFRAMEWORK - C# Etc\6 - Udemy - MicroServiços com Asp.net, Net 6 e C#\microservices-NetCore6\GeekShooping\GeekShopping.Web\ClientApp\dist\out-tsc\main.js
E:\_ESTUDOS - ANGULAR - ENTITYFRAMEWORK - C# Etc\6 - Udemy - MicroServiços com Asp.net, Net 6 e C#\microservices-NetCore6\GeekShooping\GeekShopping.Web\ClientApp\dist\out-tsc\main.js.map
E:\_ESTUDOS - ANGULAR - ENTITYFRAMEWORK - C# Etc\6 - Udemy - MicroServiços com Asp.net, Net 6 e C#\microservices-NetCore6\GeekShooping\GeekShopping.Web\ClientApp\dist\out-tsc\polyfills.js
E:\_ESTUDOS - ANGULAR - ENTITYFRAMEWORK - C# Etc\6 - Udemy - MicroServiços com Asp.net, Net 6 e C#\microservices-NetCore6\GeekShooping\GeekShopping.Web\ClientApp\dist\out-tsc\polyfills.js.map
E:\_ESTUDOS - ANGULAR - ENTITYFRAMEWORK - C# Etc\6 - Udemy - MicroServiços com Asp.net, Net 6 e C#\microservices-NetCore6\GeekShooping\GeekShopping.Web\ClientApp\dist\out-tsc\test.js
E:\_ESTUDOS - ANGULAR - ENTITYFRAMEWORK - C# Etc\6 - Udemy - MicroServiços com Asp.net, Net 6 e C#\microservices-NetCore6\GeekShooping\GeekShopping.Web\ClientApp\dist\out-tsc\test.js.map
E:\_ESTUDOS - ANGULAR - ENTITYFRAMEWORK - C# Etc\6 - Udemy - MicroServiços com Asp.net, Net 6 e C#\microservices-NetCore6\GeekShooping\GeekShopping.Web\ClientApp\dist\out-tsc\app\app.server.module.js
E:\_ESTUDOS - ANGULAR - ENTITYFRAMEWORK - C# Etc\6 - Udemy - MicroServiços com Asp.net, Net 6 e C#\microservices-NetCore6\GeekShooping\GeekShopping.Web\ClientApp\dist\out-tsc\app\app.server.module.js.map
E:\_ESTUDOS - ANGULAR - ENTITYFRAMEWORK - C# Etc\6 - Udemy - MicroServiços com Asp.net, Net 6 e C#\microservices-NetCore6\GeekShooping\GeekShopping.Web\ClientApp\dist\out-tsc\app\counter\counter.component.spec.js
E:\_ESTUDOS - ANGULAR - ENTITYFRAMEWORK - C# Etc\6 - Udemy - MicroServiços com Asp.net, Net 6 e C#\microservices-NetCore6\GeekShooping\GeekShopping.Web\ClientApp\dist\out-tsc\app\counter\counter.component.spec.js.map
E:\_ESTUDOS - ANGULAR - ENTITYFRAMEWORK - C# Etc\6 - Udemy - MicroServiços com Asp.net, Net 6 e C#\microservices-NetCore6\GeekShooping\GeekShopping.Web\ClientApp\dist\out-tsc\environments\environment.prod.js
E:\_ESTUDOS - ANGULAR - ENTITYFRAMEWORK - C# Etc\6 - Udemy - MicroServiços com Asp.net, Net 6 e C#\microservices-NetCore6\GeekShooping\GeekShopping.Web\ClientApp\dist\out-tsc\environments\environment.prod.js.map
