18/06/2022 12:48:08	This log contains information about the import schema operation into project 'GeekShoppingDataBase' on computer 'DESKTOP-3FU2UQB' by user 'pedro'.
18/06/2022 12:48:08	Import of database schema has started.
18/06/2022 12:48:08	Gathering database credentials
18/06/2022 12:48:08	Gathering database options
18/06/2022 12:48:08	Gathering generic database scoped configuration option
18/06/2022 12:48:08	Gathering users
18/06/2022 12:48:08	Gathering roles
18/06/2022 12:48:08	Gathering application roles
18/06/2022 12:48:08	Gathering role memberships
18/06/2022 12:48:08	Gathering filegroups
18/06/2022 12:48:08	Gathering full-text catalogs
18/06/2022 12:48:08	Gathering assemblies
18/06/2022 12:48:08	Gathering certificates
18/06/2022 12:48:08	Gathering asymmetric keys
18/06/2022 12:48:08	Gathering symmetric keys
18/06/2022 12:48:08	Gathering encrypted symmetric keys
18/06/2022 12:48:08	Gathering schemas
18/06/2022 12:48:08	Gathering XML schema collections
18/06/2022 12:48:08	Gathering user-defined data types
18/06/2022 12:48:08	Gathering user-defined types
18/06/2022 12:48:08	Gathering table types
18/06/2022 12:48:08	Gathering unique keys for table types
18/06/2022 12:48:08	Gathering primary keys for table types
18/06/2022 12:48:08	Gathering indexes for table types
18/06/2022 12:48:08	Gathering check constraints for table types
18/06/2022 12:48:08	Gathering default constraints for table types
18/06/2022 12:48:08	Gathering partition functions
18/06/2022 12:48:08	Gathering partition schemes
18/06/2022 12:48:08	Gathering functions
18/06/2022 12:48:08	Gathering encrypted functions
18/06/2022 12:48:08	Gathering aggregates
18/06/2022 12:48:08	Gathering procedures
18/06/2022 12:48:08	Gathering encrypted procedures
18/06/2022 12:48:08	Gathering tables
18/06/2022 12:48:08	Gathering primary keys
18/06/2022 12:48:08	Gathering unique constraints
18/06/2022 12:48:08	Gathering foreign keys
18/06/2022 12:48:08	Gathering default constraints
18/06/2022 12:48:08	Gathering check constraints
18/06/2022 12:48:08	Gathering views
18/06/2022 12:48:08	Gathering encrypted views
18/06/2022 12:48:08	Gathering indexes
18/06/2022 12:48:08	Gathering statistics
18/06/2022 12:48:08	Gathering full-text index stoplists
18/06/2022 12:48:08	Gathering search property lists
18/06/2022 12:48:08	Gathering search properties
18/06/2022 12:48:08	Gathering full-text indexes
18/06/2022 12:48:08	Gathering column store indexes
18/06/2022 12:48:08	Gathering spatial indexes
18/06/2022 12:48:08	Gathering XML indexes
18/06/2022 12:48:08	Gathering Selective XML indexes
18/06/2022 12:48:08	Gathering encrypted triggers
18/06/2022 12:48:08	Gathering triggers
18/06/2022 12:48:08	Gathering encrypted and clr ddl triggers
18/06/2022 12:48:08	Gathering ddl triggers
18/06/2022 12:48:08	Creating edge constraints
18/06/2022 12:48:08	Gathering synonyms
18/06/2022 12:48:08	Gathering defaults
18/06/2022 12:48:08	Gathering data constraint uddt bindings
18/06/2022 12:48:08	Gathering rules
18/06/2022 12:48:08	Gathering data constraint uddt bindings
18/06/2022 12:48:08	Gathering message types
18/06/2022 12:48:08	Gathering queues
18/06/2022 12:48:08	Gathering contracts
18/06/2022 12:48:08	Gathering services
18/06/2022 12:48:08	Gathering event notifications
18/06/2022 12:48:08	Gathering remote service bindings
18/06/2022 12:48:08	Gathering broker priorities
18/06/2022 12:48:08	Gathering signatures
18/06/2022 12:48:08	Gathering data compression options
18/06/2022 12:48:08	Gathering sequence types
18/06/2022 12:48:08	Gathering security policies
18/06/2022 12:48:08	Gather column encryption keys
18/06/2022 12:48:08	Gathering column master keys
18/06/2022 12:48:08	Gathering external data sources
18/06/2022 12:48:08	Gathering external file formats
18/06/2022 12:48:08	Gathering external tables
18/06/2022 12:48:08	Gathering database permissions
18/06/2022 12:48:08	Gathering extended properties
18/06/2022 12:48:08	Gathering assemblies
18/06/2022 12:48:08	Gathering credentials
18/06/2022 12:48:08	Gathering logins
18/06/2022 12:48:08	Gathering server audits
18/06/2022 12:48:09	Scanning project for duplicate elements
18/06/2022 12:48:10	Finished duplicate element processing
18/06/2022 12:48:10	Finished importing database.
18/06/2022 12:48:10	A summary of the import was saved to the following location: E:\_ESTUDOS - ANGULAR - ENTITYFRAMEWORK - C# Etc\6 - Udemy - MicroServiços com Asp.net, Net 6 e C#\microservices-NetCore6\GeekShooping\GeekShoppingDataBase\Import Schema Logs\GeekShoppingDataBase_20220618034808.log
18/06/2022 12:48:10	Click Finish to continue...
